
  .   ____          _            __ _ _
 /\\ / ___'_ __ _ _(_)_ __  __ _ \ \ \ \
( ( )\___ | '_ | '_| | '_ \/ _` | \ \ \ \
 \\/  ___)| |_)| | | | | || (_| |  ) ) ) )
  '  |____| .__|_| |_|_| |_\__, | / / / /
 =========|_|==============|___/=/_/_/_/
 :: Spring Boot ::        (v1.3.3.RELEASE)

2019-03-05 13:51:32.898  INFO 9 --- [           main] com.docker.DockerApplication             : Starting DockerApplication v1.0-SNAPSHOT on 61d87a0d716f with PID 9 (/spring-hello-server/spring-hello.jar started by root in /spring-hello-server)
2019-03-05 13:51:32.938  INFO 9 --- [           main] com.docker.DockerApplication             : No active profile set, falling back to default profiles: default
2019-03-05 13:51:33.000  INFO 9 --- [           main] ationConfigEmbeddedWebApplicationContext : Refreshing org.springframework.boot.context.embedded.AnnotationConfigEmbeddedWebApplicationContext@82268e1: startup date [Tue Mar 05 13:51:32 UTC 2019]; root of context hierarchy
2019-03-05 13:51:33.624  INFO 9 --- [           main] o.s.b.f.s.DefaultListableBeanFactory     : Overriding bean definition for bean 'beanNameViewResolver' with a different definition: replacing [Root bean: class [null]; scope=; abstract=false; lazyInit=false; autowireMode=3; dependencyCheck=0; autowireCandidate=true; primary=false; factoryBeanName=org.springframework.boot.autoconfigure.web.ErrorMvcAutoConfiguration$WhitelabelErrorViewConfiguration; factoryMethodName=beanNameViewResolver; initMethodName=null; destroyMethodName=(inferred); defined in class path resource [org/springframework/boot/autoconfigure/web/ErrorMvcAutoConfiguration$WhitelabelErrorViewConfiguration.class]] with [Root bean: class [null]; scope=; abstract=false; lazyInit=false; autowireMode=3; dependencyCheck=0; autowireCandidate=true; primary=false; factoryBeanName=org.springframework.boot.autoconfigure.web.WebMvcAutoConfiguration$WebMvcAutoConfigurationAdapter; factoryMethodName=beanNameViewResolver; initMethodName=null; destroyMethodName=(inferred); defined in class path resource [org/springframework/boot/autoconfigure/web/WebMvcAutoConfiguration$WebMvcAutoConfigurationAdapter.class]]
2019-03-05 13:51:34.331  INFO 9 --- [           main] s.b.c.e.t.TomcatEmbeddedServletContainer : Tomcat initialized with port(s): 8080 (http)
2019-03-05 13:51:34.345  INFO 9 --- [           main] o.apache.catalina.core.StandardService   : Starting service Tomcat
2019-03-05 13:51:34.346  INFO 9 --- [           main] org.apache.catalina.core.StandardEngine  : Starting Servlet Engine: Apache Tomcat/8.0.32
2019-03-05 13:51:34.428  INFO 9 --- [ost-startStop-1] o.a.c.c.C.[Tomcat].[localhost].[/]       : Initializing Spring embedded WebApplicationContext
2019-03-05 13:51:34.428  INFO 9 --- [ost-startStop-1] o.s.web.context.ContextLoader            : Root WebApplicationContext: initialization completed in 1432 ms
2019-03-05 13:51:34.781  INFO 9 --- [ost-startStop-1] o.s.b.c.e.ServletRegistrationBean        : Mapping servlet: 'dispatcherServlet' to [/]
2019-03-05 13:51:34.786  INFO 9 --- [ost-startStop-1] o.s.b.c.embedded.FilterRegistrationBean  : Mapping filter: 'characterEncodingFilter' to: [/*]
2019-03-05 13:51:34.786  INFO 9 --- [ost-startStop-1] o.s.b.c.embedded.FilterRegistrationBean  : Mapping filter: 'hiddenHttpMethodFilter' to: [/*]
2019-03-05 13:51:34.786  INFO 9 --- [ost-startStop-1] o.s.b.c.embedded.FilterRegistrationBean  : Mapping filter: 'httpPutFormContentFilter' to: [/*]
2019-03-05 13:51:34.787  INFO 9 --- [ost-startStop-1] o.s.b.c.embedded.FilterRegistrationBean  : Mapping filter: 'requestContextFilter' to: [/*]
2019-03-05 13:51:35.099  INFO 9 --- [           main] s.w.s.m.m.a.RequestMappingHandlerAdapter : Looking for @ControllerAdvice: org.springframework.boot.context.embedded.AnnotationConfigEmbeddedWebApplicationContext@82268e1: startup date [Tue Mar 05 13:51:32 UTC 2019]; root of context hierarchy
2019-03-05 13:51:35.172  INFO 9 --- [           main] s.w.s.m.m.a.RequestMappingHandlerMapping : Mapped "{[/hello]}" onto public java.lang.String com.docker.DockerApplication.hello()
2019-03-05 13:51:35.175  INFO 9 --- [           main] s.w.s.m.m.a.RequestMappingHandlerMapping : Mapped "{[/error],produces=[text/html]}" onto public org.springframework.web.servlet.ModelAndView org.springframework.boot.autoconfigure.web.BasicErrorController.errorHtml(javax.servlet.http.HttpServletRequest,javax.servlet.http.HttpServletResponse)
2019-03-05 13:51:35.176  INFO 9 --- [           main] s.w.s.m.m.a.RequestMappingHandlerMapping : Mapped "{[/error]}" onto public org.springframework.http.ResponseEntity<java.util.Map<java.lang.String, java.lang.Object>> org.springframework.boot.autoconfigure.web.BasicErrorController.error(javax.servlet.http.HttpServletRequest)
2019-03-05 13:51:35.210  INFO 9 --- [           main] o.s.w.s.handler.SimpleUrlHandlerMapping  : Mapped URL path [/webjars/**] onto handler of type [class org.springframework.web.servlet.resource.ResourceHttpRequestHandler]
2019-03-05 13:51:35.210  INFO 9 --- [           main] o.s.w.s.handler.SimpleUrlHandlerMapping  : Mapped URL path [/**] onto handler of type [class org.springframework.web.servlet.resource.ResourceHttpRequestHandler]
2019-03-05 13:51:35.254  INFO 9 --- [           main] o.s.w.s.handler.SimpleUrlHandlerMapping  : Mapped URL path [/**/favicon.ico] onto handler of type [class org.springframework.web.servlet.resource.ResourceHttpRequestHandler]
2019-03-05 13:51:35.385  INFO 9 --- [           main] o.s.j.e.a.AnnotationMBeanExporter        : Registering beans for JMX exposure on startup
2019-03-05 13:51:35.454  INFO 9 --- [           main] s.b.c.e.t.TomcatEmbeddedServletContainer : Tomcat started on port(s): 8080 (http)
2019-03-05 13:51:35.458  INFO 9 --- [           main] com.docker.DockerApplication             : Started DockerApplication in 2.872 seconds (JVM running for 3.32)
2019-03-05 13:51:36.985  INFO 9 --- [nio-8080-exec-1] o.a.c.c.C.[Tomcat].[localhost].[/]       : Initializing Spring FrameworkServlet 'dispatcherServlet'
2019-03-05 13:51:36.986  INFO 9 --- [nio-8080-exec-1] o.s.web.servlet.DispatcherServlet        : FrameworkServlet 'dispatcherServlet': initialization started
2019-03-05 13:51:36.999  INFO 9 --- [nio-8080-exec-1] o.s.web.servlet.DispatcherServlet        : FrameworkServlet 'dispatcherServlet': initialization completed in 13 ms
2019-03-05 13:51:37.029  INFO 9 --- [nio-8080-exec-1] ication$$EnhancerBySpringCGLIB$$ba07cd3e : 接收到请求》》》》》》》》》》》》》》》》》》》》》》》
2019-03-05 14:06:51.243  INFO 9 --- [nio-8080-exec-5] ication$$EnhancerBySpringCGLIB$$ba07cd3e : 接收到请求》》》》》》》》》》》》》》》》》》》》》》》
2019-03-05 14:11:40.639  INFO 9 --- [nio-8080-exec-8] ication$$EnhancerBySpringCGLIB$$ba07cd3e : 接收到请求》》》》》》》》》》》》》》》》》》》》》》》
2019-03-05 14:11:41.821  INFO 9 --- [nio-8080-exec-9] ication$$EnhancerBySpringCGLIB$$ba07cd3e : 接收到请求》》》》》》》》》》》》》》》》》》》》》》》
2019-03-05 14:11:42.826  INFO 9 --- [io-8080-exec-10] ication$$EnhancerBySpringCGLIB$$ba07cd3e : 接收到请求》》》》》》》》》》》》》》》》》》》》》》》
