
  .   ____          _            __ _ _
 /\\ / ___'_ __ _ _(_)_ __  __ _ \ \ \ \
( ( )\___ | '_ | '_| | '_ \/ _` | \ \ \ \
 \\/  ___)| |_)| | | | | || (_| |  ) ) ) )
  '  |____| .__|_| |_|_| |_\__, | / / / /
 =========|_|==============|___/=/_/_/_/
 :: Spring Boot ::        (v1.3.3.RELEASE)

2019-03-06 09:23:16.212  INFO 9 --- [           main] com.docker.DockerApplication             : Starting DockerApplication v1.0-SNAPSHOT on 9c5de1cd3f27 with PID 9 (/webapp/quick-docker-1.0-SNAPSHOT.jar started by root in /webapp)
2019-03-06 09:23:16.215  INFO 9 --- [           main] com.docker.DockerApplication             : No active profile set, falling back to default profiles: default
2019-03-06 09:23:16.296  INFO 9 --- [           main] ationConfigEmbeddedWebApplicationContext : Refreshing org.springframework.boot.context.embedded.AnnotationConfigEmbeddedWebApplicationContext@47abbe20: startup date [Wed Mar 06 09:23:16 UTC 2019]; root of context hierarchy
2019-03-06 09:23:16.850  INFO 9 --- [           main] o.s.b.f.s.DefaultListableBeanFactory     : Overriding bean definition for bean 'beanNameViewResolver' with a different definition: replacing [Root bean: class [null]; scope=; abstract=false; lazyInit=false; autowireMode=3; dependencyCheck=0; autowireCandidate=true; primary=false; factoryBeanName=org.springframework.boot.autoconfigure.web.ErrorMvcAutoConfiguration$WhitelabelErrorViewConfiguration; factoryMethodName=beanNameViewResolver; initMethodName=null; destroyMethodName=(inferred); defined in class path resource [org/springframework/boot/autoconfigure/web/ErrorMvcAutoConfiguration$WhitelabelErrorViewConfiguration.class]] with [Root bean: class [null]; scope=; abstract=false; lazyInit=false; autowireMode=3; dependencyCheck=0; autowireCandidate=true; primary=false; factoryBeanName=org.springframework.boot.autoconfigure.web.WebMvcAutoConfiguration$WebMvcAutoConfigurationAdapter; factoryMethodName=beanNameViewResolver; initMethodName=null; destroyMethodName=(inferred); defined in class path resource [org/springframework/boot/autoconfigure/web/WebMvcAutoConfiguration$WebMvcAutoConfigurationAdapter.class]]
2019-03-06 09:23:17.552  INFO 9 --- [           main] s.b.c.e.t.TomcatEmbeddedServletContainer : Tomcat initialized with port(s): 8080 (http)
2019-03-06 09:23:17.565  INFO 9 --- [           main] o.apache.catalina.core.StandardService   : Starting service Tomcat
2019-03-06 09:23:17.566  INFO 9 --- [           main] org.apache.catalina.core.StandardEngine  : Starting Servlet Engine: Apache Tomcat/8.0.32
2019-03-06 09:23:17.645  INFO 9 --- [ost-startStop-1] o.a.c.c.C.[Tomcat].[localhost].[/]       : Initializing Spring embedded WebApplicationContext
2019-03-06 09:23:17.645  INFO 9 --- [ost-startStop-1] o.s.web.context.ContextLoader            : Root WebApplicationContext: initialization completed in 1352 ms
2019-03-06 09:23:18.006  INFO 9 --- [ost-startStop-1] o.s.b.c.e.ServletRegistrationBean        : Mapping servlet: 'dispatcherServlet' to [/]
2019-03-06 09:23:18.011  INFO 9 --- [ost-startStop-1] o.s.b.c.embedded.FilterRegistrationBean  : Mapping filter: 'characterEncodingFilter' to: [/*]
2019-03-06 09:23:18.012  INFO 9 --- [ost-startStop-1] o.s.b.c.embedded.FilterRegistrationBean  : Mapping filter: 'hiddenHttpMethodFilter' to: [/*]
2019-03-06 09:23:18.012  INFO 9 --- [ost-startStop-1] o.s.b.c.embedded.FilterRegistrationBean  : Mapping filter: 'httpPutFormContentFilter' to: [/*]
2019-03-06 09:23:18.012  INFO 9 --- [ost-startStop-1] o.s.b.c.embedded.FilterRegistrationBean  : Mapping filter: 'requestContextFilter' to: [/*]
2019-03-06 09:23:18.289  INFO 9 --- [           main] s.w.s.m.m.a.RequestMappingHandlerAdapter : Looking for @ControllerAdvice: org.springframework.boot.context.embedded.AnnotationConfigEmbeddedWebApplicationContext@47abbe20: startup date [Wed Mar 06 09:23:16 UTC 2019]; root of context hierarchy
2019-03-06 09:23:18.374  INFO 9 --- [           main] s.w.s.m.m.a.RequestMappingHandlerMapping : Mapped "{[/hello]}" onto public java.lang.String com.docker.DockerApplication.hello()
2019-03-06 09:23:18.378  INFO 9 --- [           main] s.w.s.m.m.a.RequestMappingHandlerMapping : Mapped "{[/error],produces=[text/html]}" onto public org.springframework.web.servlet.ModelAndView org.springframework.boot.autoconfigure.web.BasicErrorController.errorHtml(javax.servlet.http.HttpServletRequest,javax.servlet.http.HttpServletResponse)
2019-03-06 09:23:18.379  INFO 9 --- [           main] s.w.s.m.m.a.RequestMappingHandlerMapping : Mapped "{[/error]}" onto public org.springframework.http.ResponseEntity<java.util.Map<java.lang.String, java.lang.Object>> org.springframework.boot.autoconfigure.web.BasicErrorController.error(javax.servlet.http.HttpServletRequest)
2019-03-06 09:23:18.412  INFO 9 --- [           main] o.s.w.s.handler.SimpleUrlHandlerMapping  : Mapped URL path [/webjars/**] onto handler of type [class org.springframework.web.servlet.resource.ResourceHttpRequestHandler]
2019-03-06 09:23:18.413  INFO 9 --- [           main] o.s.w.s.handler.SimpleUrlHandlerMapping  : Mapped URL path [/**] onto handler of type [class org.springframework.web.servlet.resource.ResourceHttpRequestHandler]
2019-03-06 09:23:18.456  INFO 9 --- [           main] o.s.w.s.handler.SimpleUrlHandlerMapping  : Mapped URL path [/**/favicon.ico] onto handler of type [class org.springframework.web.servlet.resource.ResourceHttpRequestHandler]
2019-03-06 09:23:18.571  INFO 9 --- [           main] o.s.j.e.a.AnnotationMBeanExporter        : Registering beans for JMX exposure on startup
2019-03-06 09:23:18.641  INFO 9 --- [           main] s.b.c.e.t.TomcatEmbeddedServletContainer : Tomcat started on port(s): 8080 (http)
2019-03-06 09:23:18.645  INFO 9 --- [           main] com.docker.DockerApplication             : Started DockerApplication in 2.743 seconds (JVM running for 3.187)
2019-03-06 09:23:22.586  INFO 9 --- [nio-8080-exec-1] o.a.c.c.C.[Tomcat].[localhost].[/]       : Initializing Spring FrameworkServlet 'dispatcherServlet'
2019-03-06 09:23:22.586  INFO 9 --- [nio-8080-exec-1] o.s.web.servlet.DispatcherServlet        : FrameworkServlet 'dispatcherServlet': initialization started
2019-03-06 09:23:22.610  INFO 9 --- [nio-8080-exec-1] o.s.web.servlet.DispatcherServlet        : FrameworkServlet 'dispatcherServlet': initialization completed in 24 ms
2019-03-06 09:23:22.653  INFO 9 --- [nio-8080-exec-1] ication$$EnhancerBySpringCGLIB$$14a74c95 : 接收到请求》》》》》》》》》》》》》》》》》》》》》》》
2019-03-06 09:23:33.208  INFO 9 --- [nio-8080-exec-4] ication$$EnhancerBySpringCGLIB$$14a74c95 : 接收到请求》》》》》》》》》》》》》》》》》》》》》》》
2019-03-06 09:23:36.317  INFO 9 --- [nio-8080-exec-6] ication$$EnhancerBySpringCGLIB$$14a74c95 : 接收到请求》》》》》》》》》》》》》》》》》》》》》》》
